2015-10-10 18:55:22 [-][-][-][error][yii\db\Exception] exception 'PDOException' with message 'SQLSTATE[HY000] [1049] Unknown database 'yii2advanced'' in E:\Programing\Xampp\htdocs\yii2adv-blog\vendor\yiisoft\yii2\db\Connection.php:579
Stack trace:
#0 E:\Programing\Xampp\htdocs\yii2adv-blog\vendor\yiisoft\yii2\db\Connection.php(579): PDO->__construct('mysql:host=loca...', 'root', '', NULL)
#1 E:\Programing\Xampp\htdocs\yii2adv-blog\vendor\yiisoft\yii2\db\Connection.php(529): yii\db\Connection->createPdoInstance()
#2 E:\Programing\Xampp\htdocs\yii2adv-blog\vendor\yiisoft\yii2\db\Connection.php(836): yii\db\Connection->open()
#3 E:\Programing\Xampp\htdocs\yii2adv-blog\vendor\yiisoft\yii2\db\Connection.php(823): yii\db\Connection->getMasterPdo()
#4 E:\Programing\Xampp\htdocs\yii2adv-blog\vendor\yiisoft\yii2\db\Command.php(216): yii\db\Connection->getSlavePdo()
#5 E:\Programing\Xampp\htdocs\yii2adv-blog\vendor\yiisoft\yii2\db\Command.php(831): yii\db\Command->prepare(true)
#6 E:\Programing\Xampp\htdocs\yii2adv-blog\vendor\yiisoft\yii2\db\Command.php(359): yii\db\Command->queryInternal('fetchAll', NULL)
#7 E:\Programing\Xampp\htdocs\yii2adv-blog\vendor\yiisoft\yii2\db\mysql\Schema.php(198): yii\db\Command->queryAll()
#8 E:\Programing\Xampp\htdocs\yii2adv-blog\vendor\yiisoft\yii2\db\mysql\Schema.php(97): yii\db\mysql\Schema->findColumns(Object(yii\db\TableSchema))
#9 E:\Programing\Xampp\htdocs\yii2adv-blog\vendor\yiisoft\yii2\db\Schema.php(146): yii\db\mysql\Schema->loadTableSchema('migration')
#10 E:\Programing\Xampp\htdocs\yii2adv-blog\vendor\yiisoft\yii2\console\controllers\MigrateController.php(121): yii\db\Schema->getTableSchema('{{%migration}}', true)
#11 E:\Programing\Xampp\htdocs\yii2adv-blog\vendor\yiisoft\yii2\console\controllers\BaseMigrateController.php(610): yii\console\controllers\MigrateController->getMigrationHistory(NULL)
#12 E:\Programing\Xampp\htdocs\yii2adv-blog\vendor\yiisoft\yii2\console\controllers\BaseMigrateController.php(102): yii\console\controllers\BaseMigrateController->getNewMigrations()
#13 [internal function]: yii\console\controllers\BaseMigrateController->actionUp(0)
#14 E:\Programing\Xampp\htdocs\yii2adv-blog\vendor\yiisoft\yii2\base\InlineAction.php(55): call_user_func_array(Array, Array)
#15 E:\Programing\Xampp\htdocs\yii2adv-blog\vendor\yiisoft\yii2\base\Controller.php(151): yii\base\InlineAction->runWithParams(Array)
#16 E:\Programing\Xampp\htdocs\yii2adv-blog\vendor\yiisoft\yii2\console\Controller.php(91): yii\base\Controller->runAction('', Array)
#17 E:\Programing\Xampp\htdocs\yii2adv-blog\vendor\yiisoft\yii2\base\Module.php(455): yii\console\Controller->runAction('', Array)
#18 E:\Programing\Xampp\htdocs\yii2adv-blog\vendor\yiisoft\yii2\console\Application.php(167): yii\base\Module->runAction('migrate', Array)
#19 E:\Programing\Xampp\htdocs\yii2adv-blog\vendor\yiisoft\yii2\console\Application.php(143): yii\console\Application->runAction('migrate', Array)
#20 E:\Programing\Xampp\htdocs\yii2adv-blog\vendor\yiisoft\yii2\base\Application.php(375): yii\console\Application->handleRequest(Object(yii\console\Request))
#21 E:\Programing\Xampp\htdocs\yii2adv-blog\yii(27): yii\base\Application->run()
#22 {main}

Next exception 'yii\db\Exception' with message 'SQLSTATE[HY000] [1049] Unknown database 'yii2advanced'' in E:\Programing\Xampp\htdocs\yii2adv-blog\vendor\yiisoft\yii2\db\Connection.php:534
Stack trace:
#0 E:\Programing\Xampp\htdocs\yii2adv-blog\vendor\yiisoft\yii2\db\Connection.php(836): yii\db\Connection->open()
#1 E:\Programing\Xampp\htdocs\yii2adv-blog\vendor\yiisoft\yii2\db\Connection.php(823): yii\db\Connection->getMasterPdo()
#2 E:\Programing\Xampp\htdocs\yii2adv-blog\vendor\yiisoft\yii2\db\Command.php(216): yii\db\Connection->getSlavePdo()
#3 E:\Programing\Xampp\htdocs\yii2adv-blog\vendor\yiisoft\yii2\db\Command.php(831): yii\db\Command->prepare(true)
#4 E:\Programing\Xampp\htdocs\yii2adv-blog\vendor\yiisoft\yii2\db\Command.php(359): yii\db\Command->queryInternal('fetchAll', NULL)
#5 E:\Programing\Xampp\htdocs\yii2adv-blog\vendor\yiisoft\yii2\db\mysql\Schema.php(198): yii\db\Command->queryAll()
#6 E:\Programing\Xampp\htdocs\yii2adv-blog\vendor\yiisoft\yii2\db\mysql\Schema.php(97): yii\db\mysql\Schema->findColumns(Object(yii\db\TableSchema))
#7 E:\Programing\Xampp\htdocs\yii2adv-blog\vendor\yiisoft\yii2\db\Schema.php(146): yii\db\mysql\Schema->loadTableSchema('migration')
#8 E:\Programing\Xampp\htdocs\yii2adv-blog\vendor\yiisoft\yii2\console\controllers\MigrateController.php(121): yii\db\Schema->getTableSchema('{{%migration}}', true)
#9 E:\Programing\Xampp\htdocs\yii2adv-blog\vendor\yiisoft\yii2\console\controllers\BaseMigrateController.php(610): yii\console\controllers\MigrateController->getMigrationHistory(NULL)
#10 E:\Programing\Xampp\htdocs\yii2adv-blog\vendor\yiisoft\yii2\console\controllers\BaseMigrateController.php(102): yii\console\controllers\BaseMigrateController->getNewMigrations()
#11 [internal function]: yii\console\controllers\BaseMigrateController->actionUp(0)
#12 E:\Programing\Xampp\htdocs\yii2adv-blog\vendor\yiisoft\yii2\base\InlineAction.php(55): call_user_func_array(Array, Array)
#13 E:\Programing\Xampp\htdocs\yii2adv-blog\vendor\yiisoft\yii2\base\Controller.php(151): yii\base\InlineAction->runWithParams(Array)
#14 E:\Programing\Xampp\htdocs\yii2adv-blog\vendor\yiisoft\yii2\console\Controller.php(91): yii\base\Controller->runAction('', Array)
#15 E:\Programing\Xampp\htdocs\yii2adv-blog\vendor\yiisoft\yii2\base\Module.php(455): yii\console\Controller->runAction('', Array)
#16 E:\Programing\Xampp\htdocs\yii2adv-blog\vendor\yiisoft\yii2\console\Application.php(167): yii\base\Module->runAction('migrate', Array)
#17 E:\Programing\Xampp\htdocs\yii2adv-blog\vendor\yiisoft\yii2\console\Application.php(143): yii\console\Application->runAction('migrate', Array)
#18 E:\Programing\Xampp\htdocs\yii2adv-blog\vendor\yiisoft\yii2\base\Application.php(375): yii\console\Application->handleRequest(Object(yii\console\Request))
#19 E:\Programing\Xampp\htdocs\yii2adv-blog\yii(27): yii\base\Application->run()
#20 {main}
Additional Information:

2015-10-10 18:55:22 [-][-][-][info][application] $_SERVER = [
    'ALLUSERSPROFILE' => 'C:\\ProgramData'
    'APPDATA' => 'C:\\Users\\Nguyen\\AppData\\Roaming'
    'CommonProgramFiles' => 'C:\\Program Files (x86)\\Common Files'
    'CommonProgramFiles(x86)' => 'C:\\Program Files (x86)\\Common Files'
    'CommonProgramW6432' => 'C:\\Program Files\\Common Files'
    'COMPUTERNAME' => 'HOANGVU'
    'ComSpec' => 'C:\\WINDOWS\\system32\\cmd.exe'
    'FPS_BROWSER_APP_PROFILE_STRING' => 'Internet Explorer'
    'FPS_BROWSER_USER_PROFILE_STRING' => 'Default'
    'FP_NO_HOST_CHECK' => 'NO'
    'HOMEDRIVE' => 'C:'
    'HOMEPATH' => '\\Users\\Nguyen'
    'LOCALAPPDATA' => 'C:\\Users\\Nguyen\\AppData\\Local'
    'LOGONSERVER' => '\\\\MicrosoftAccount'
    'MOZ_PLUGIN_PATH' => 'C:\\PROGRAM FILES (X86)\\FOXIT SOFTWARE\\FOXIT READER\\plugins\\'
    'NUMBER_OF_PROCESSORS' => '4'
    'OS' => 'Windows_NT'
    'Path' => 'C:\\ProgramData\\Oracle\\Java\\javapath;C:\\WINDOWS\\system32;C:\\WINDOWS;C:\\WINDOWS\\System32\\Wbem;C:\\WINDOWS\\System32\\WindowsPowerShell\\v1.0\\;C:\\Program Files (x86)\\Skype\\Phone\\;E:\\Programing\\Xampp\\php;C:\\ProgramData\\ComposerSetup\\bin'
    'PATHEXT' => '.COM;.EXE;.BAT;.CMD;.VBS;.VBE;.JS;.JSE;.WSF;.WSH;.MSC'
    'PROCESSOR_ARCHITECTURE' => 'x86'
    'PROCESSOR_ARCHITEW6432' => 'AMD64'
    'PROCESSOR_IDENTIFIER' => 'Intel64 Family 6 Model 37 Stepping 5, GenuineIntel'
    'PROCESSOR_LEVEL' => '6'
    'PROCESSOR_REVISION' => '2505'
    'ProgramData' => 'C:\\ProgramData'
    'ProgramFiles' => 'C:\\Program Files (x86)'
    'ProgramFiles(x86)' => 'C:\\Program Files (x86)'
    'ProgramW6432' => 'C:\\Program Files'
    'PROMPT' => '$P$G'
    'PSModulePath' => 'C:\\WINDOWS\\system32\\WindowsPowerShell\\v1.0\\Modules\\'
    'PUBLIC' => 'C:\\Users\\Public'
    'SESSIONNAME' => 'Console'
    'SystemDrive' => 'C:'
    'SystemRoot' => 'C:\\WINDOWS'
    'TEMP' => 'C:\\Users\\Nguyen\\AppData\\Local\\Temp'
    'TMP' => 'C:\\Users\\Nguyen\\AppData\\Local\\Temp'
    'USERDOMAIN' => 'HOANGVU'
    'USERDOMAIN_ROAMINGPROFILE' => 'HOANGVU'
    'USERNAME' => 'Nguyen'
    'USERPROFILE' => 'C:\\Users\\Nguyen'
    'windir' => 'C:\\WINDOWS'
    'PHP_SELF' => 'yii'
    'SCRIPT_NAME' => 'yii'
    'SCRIPT_FILENAME' => 'yii'
    'PATH_TRANSLATED' => 'yii'
    'DOCUMENT_ROOT' => ''
    'REQUEST_TIME_FLOAT' => 1444496122.2967
    'REQUEST_TIME' => 1444496122
    'argv' => [
        0 => 'yii'
        1 => 'migrate'
    ]
    'argc' => 2
]
